{"total": {"lines":{"total":174,"covered":119,"skipped":0,"pct":68.39},"statements":{"total":185,"covered":122,"skipped":0,"pct":65.94},"functions":{"total":58,"covered":31,"skipped":0,"pct":53.44},"branches":{"total":75,"covered":41,"skipped":0,"pct":54.66},"branchesTrue":{"total":0,"covered":0,"skipped":0,"pct":100}}
,"/home/ocp/dev/projects/gv/gv-web/src/lib/index.ts": {"lines":{"total":0,"covered":0,"skipped":0,"pct":100},"functions":{"total":0,"covered":0,"skipped":0,"pct":100},"statements":{"total":0,"covered":0,"skipped":0,"pct":100},"branches":{"total":0,"covered":0,"skipped":0,"pct":100}}
,"/home/ocp/dev/projects/gv/gv-web/src/lib/config/env.ts": {"lines":{"total":2,"covered":2,"skipped":0,"pct":100},"functions":{"total":0,"covered":0,"skipped":0,"pct":100},"statements":{"total":2,"covered":2,"skipped":0,"pct":100},"branches":{"total":8,"covered":3,"skipped":0,"pct":37.5}}
,"/home/ocp/dev/projects/gv/gv-web/src/lib/domains/auth/schemas/auth.schemas.ts": {"lines":{"total":2,"covered":2,"skipped":0,"pct":100},"functions":{"total":0,"covered":0,"skipped":0,"pct":100},"statements":{"total":2,"covered":2,"skipped":0,"pct":100},"branches":{"total":0,"covered":0,"skipped":0,"pct":100}}
,"/home/ocp/dev/projects/gv/gv-web/src/lib/domains/auth/types/Auth.types.ts": {"lines":{"total":0,"covered":0,"skipped":0,"pct":100},"functions":{"total":0,"covered":0,"skipped":0,"pct":100},"statements":{"total":0,"covered":0,"skipped":0,"pct":100},"branches":{"total":0,"covered":0,"skipped":0,"pct":100}}
,"/home/ocp/dev/projects/gv/gv-web/src/lib/domains/habits/api/habits.api.ts": {"lines":{"total":12,"covered":5,"skipped":0,"pct":41.66},"functions":{"total":5,"covered":3,"skipped":0,"pct":60},"statements":{"total":15,"covered":5,"skipped":0,"pct":33.33},"branches":{"total":10,"covered":2,"skipped":0,"pct":20}}
,"/home/ocp/dev/projects/gv/gv-web/src/lib/domains/habits/api/habits.schemas.ts": {"lines":{"total":5,"covered":5,"skipped":0,"pct":100},"functions":{"total":1,"covered":1,"skipped":0,"pct":100},"statements":{"total":6,"covered":6,"skipped":0,"pct":100},"branches":{"total":2,"covered":2,"skipped":0,"pct":100}}
,"/home/ocp/dev/projects/gv/gv-web/src/lib/domains/habits/types/Habit.types.ts": {"lines":{"total":0,"covered":0,"skipped":0,"pct":100},"functions":{"total":0,"covered":0,"skipped":0,"pct":100},"statements":{"total":0,"covered":0,"skipped":0,"pct":100},"branches":{"total":0,"covered":0,"skipped":0,"pct":100}}
,"/home/ocp/dev/projects/gv/gv-web/src/lib/domains/tasks/taskTimer.svelte.ts": {"lines":{"total":85,"covered":59,"skipped":0,"pct":69.41},"functions":{"total":19,"covered":13,"skipped":0,"pct":68.42},"statements":{"total":89,"covered":61,"skipped":0,"pct":68.53},"branches":{"total":33,"covered":19,"skipped":0,"pct":57.57}}
,"/home/ocp/dev/projects/gv/gv-web/src/lib/domains/tasks/api/tasks.api.ts": {"lines":{"total":27,"covered":6,"skipped":0,"pct":22.22},"functions":{"total":22,"covered":5,"skipped":0,"pct":22.72},"statements":{"total":29,"covered":6,"skipped":0,"pct":20.68},"branches":{"total":4,"covered":0,"skipped":0,"pct":0}}
,"/home/ocp/dev/projects/gv/gv-web/src/lib/domains/tasks/api/tasks.schemas.ts": {"lines":{"total":18,"covered":17,"skipped":0,"pct":94.44},"functions":{"total":1,"covered":0,"skipped":0,"pct":0},"statements":{"total":18,"covered":17,"skipped":0,"pct":94.44},"branches":{"total":0,"covered":0,"skipped":0,"pct":100}}
,"/home/ocp/dev/projects/gv/gv-web/src/lib/domains/tasks/types/Task.types.ts": {"lines":{"total":0,"covered":0,"skipped":0,"pct":100},"functions":{"total":0,"covered":0,"skipped":0,"pct":100},"statements":{"total":0,"covered":0,"skipped":0,"pct":100},"branches":{"total":0,"covered":0,"skipped":0,"pct":100}}
,"/home/ocp/dev/projects/gv/gv-web/src/lib/shared/api/client.ts": {"lines":{"total":15,"covered":15,"skipped":0,"pct":100},"functions":{"total":3,"covered":2,"skipped":0,"pct":66.66},"statements":{"total":16,"covered":15,"skipped":0,"pct":93.75},"branches":{"total":16,"covered":13,"skipped":0,"pct":81.25}}
,"/home/ocp/dev/projects/gv/gv-web/src/lib/shared/stores/auth.ts": {"lines":{"total":0,"covered":0,"skipped":0,"pct":100},"functions":{"total":0,"covered":0,"skipped":0,"pct":100},"statements":{"total":0,"covered":0,"skipped":0,"pct":100},"branches":{"total":0,"covered":0,"skipped":0,"pct":100}}
,"/home/ocp/dev/projects/gv/gv-web/src/lib/shared/utils/dateNavigation.svelte.ts": {"lines":{"total":8,"covered":8,"skipped":0,"pct":100},"functions":{"total":7,"covered":7,"skipped":0,"pct":100},"statements":{"total":8,"covered":8,"skipped":0,"pct":100},"branches":{"total":2,"covered":2,"skipped":0,"pct":100}}
}
