{"total": {"lines":{"total":152,"covered":115,"skipped":0,"pct":75.65},"statements":{"total":160,"covered":118,"skipped":0,"pct":73.75},"functions":{"total":54,"covered":31,"skipped":0,"pct":57.4},"branches":{"total":61,"covered":35,"skipped":0,"pct":57.37},"branchesTrue":{"total":0,"covered":0,"skipped":0,"pct":100}}
,"/home/ocp/dev/projects/gv/gv-web/src/lib/index.ts": {"lines":{"total":0,"covered":0,"skipped":0,"pct":100},"functions":{"total":0,"covered":0,"skipped":0,"pct":100},"statements":{"total":0,"covered":0,"skipped":0,"pct":100},"branches":{"total":0,"covered":0,"skipped":0,"pct":100}}
,"/home/ocp/dev/projects/gv/gv-web/src/lib/config/env.ts": {"lines":{"total":2,"covered":2,"skipped":0,"pct":100},"functions":{"total":0,"covered":0,"skipped":0,"pct":100},"statements":{"total":2,"covered":2,"skipped":0,"pct":100},"branches":{"total":8,"covered":3,"skipped":0,"pct":37.5}}
,"/home/ocp/dev/projects/gv/gv-web/src/lib/domains/auth/schemas/auth.schemas.ts": {"lines":{"total":2,"covered":2,"skipped":0,"pct":100},"functions":{"total":0,"covered":0,"skipped":0,"pct":100},"statements":{"total":2,"covered":2,"skipped":0,"pct":100},"branches":{"total":0,"covered":0,"skipped":0,"pct":100}}
,"/home/ocp/dev/projects/gv/gv-web/src/lib/domains/auth/types/Auth.types.ts": {"lines":{"total":0,"covered":0,"skipped":0,"pct":100},"functions":{"total":0,"covered":0,"skipped":0,"pct":100},"statements":{"total":0,"covered":0,"skipped":0,"pct":100},"branches":{"total":0,"covered":0,"skipped":0,"pct":100}}
,"/home/ocp/dev/projects/gv/gv-web/src/lib/domains/habits/api/habits.api.ts": {"lines":{"total":12,"covered":5,"skipped":0,"pct":41.66},"functions":{"total":5,"covered":3,"skipped":0,"pct":60},"statements":{"total":15,"covered":5,"skipped":0,"pct":33.33},"branches":{"total":10,"covered":2,"skipped":0,"pct":20}}
,"/home/ocp/dev/projects/gv/gv-web/src/lib/domains/habits/api/habits.schemas.ts": {"lines":{"total":5,"covered":5,"skipped":0,"pct":100},"functions":{"total":1,"covered":1,"skipped":0,"pct":100},"statements":{"total":6,"covered":6,"skipped":0,"pct":100},"branches":{"total":2,"covered":2,"skipped":0,"pct":100}}
,"/home/ocp/dev/projects/gv/gv-web/src/lib/domains/habits/types/Habit.types.ts": {"lines":{"total":0,"covered":0,"skipped":0,"pct":100},"functions":{"total":0,"covered":0,"skipped":0,"pct":100},"statements":{"total":0,"covered":0,"skipped":0,"pct":100},"branches":{"total":0,"covered":0,"skipped":0,"pct":100}}
,"/home/ocp/dev/projects/gv/gv-web/src/lib/domains/tasks/taskTimer.svelte.ts": {"lines":{"total":69,"covered":56,"skipped":0,"pct":81.15},"functions":{"total":16,"covered":13,"skipped":0,"pct":81.25},"statements":{"total":72,"covered":58,"skipped":0,"pct":80.55},"branches":{"total":23,"covered":13,"skipped":0,"pct":56.52}}
,"/home/ocp/dev/projects/gv/gv-web/src/lib/domains/tasks/api/tasks.api.ts": {"lines":{"total":22,"covered":6,"skipped":0,"pct":27.27},"functions":{"total":21,"covered":5,"skipped":0,"pct":23.8},"statements":{"total":22,"covered":6,"skipped":0,"pct":27.27},"branches":{"total":0,"covered":0,"skipped":0,"pct":100}}
,"/home/ocp/dev/projects/gv/gv-web/src/lib/domains/tasks/api/tasks.schemas.ts": {"lines":{"total":17,"covered":16,"skipped":0,"pct":94.11},"functions":{"total":1,"covered":0,"skipped":0,"pct":0},"statements":{"total":17,"covered":16,"skipped":0,"pct":94.11},"branches":{"total":0,"covered":0,"skipped":0,"pct":100}}
,"/home/ocp/dev/projects/gv/gv-web/src/lib/domains/tasks/types/Task.types.ts": {"lines":{"total":0,"covered":0,"skipped":0,"pct":100},"functions":{"total":0,"covered":0,"skipped":0,"pct":100},"statements":{"total":0,"covered":0,"skipped":0,"pct":100},"branches":{"total":0,"covered":0,"skipped":0,"pct":100}}
,"/home/ocp/dev/projects/gv/gv-web/src/lib/shared/api/client.ts": {"lines":{"total":15,"covered":15,"skipped":0,"pct":100},"functions":{"total":3,"covered":2,"skipped":0,"pct":66.66},"statements":{"total":16,"covered":15,"skipped":0,"pct":93.75},"branches":{"total":16,"covered":13,"skipped":0,"pct":81.25}}
,"/home/ocp/dev/projects/gv/gv-web/src/lib/shared/stores/auth.ts": {"lines":{"total":0,"covered":0,"skipped":0,"pct":100},"functions":{"total":0,"covered":0,"skipped":0,"pct":100},"statements":{"total":0,"covered":0,"skipped":0,"pct":100},"branches":{"total":0,"covered":0,"skipped":0,"pct":100}}
,"/home/ocp/dev/projects/gv/gv-web/src/lib/shared/utils/dateNavigation.svelte.ts": {"lines":{"total":8,"covered":8,"skipped":0,"pct":100},"functions":{"total":7,"covered":7,"skipped":0,"pct":100},"statements":{"total":8,"covered":8,"skipped":0,"pct":100},"branches":{"total":2,"covered":2,"skipped":0,"pct":100}}
}
