{"/home/ocp/dev/projects/gv/gv-web/src/lib/index.ts": {"path":"/home/ocp/dev/projects/gv/gv-web/src/lib/index.ts","statementMap":{},"fnMap":{},"branchMap":{},"s":{},"f":{},"b":{},"meta":{"lastBranch":0,"lastFunction":0,"lastStatement":0,"seen":{}}}
,"/home/ocp/dev/projects/gv/gv-web/src/lib/config/env.ts": {"path":"/home/ocp/dev/projects/gv/gv-web/src/lib/config/env.ts","statementMap":{"0":{"start":{"line":1,"column":24},"end":{"line":1,"column":null}},"1":{"start":{"line":3,"column":19},"end":{"line":8,"column":null}}},"fnMap":{},"branchMap":{"0":{"loc":{"start":{"line":4,"column":11},"end":{"line":4,"column":null}},"type":"binary-expr","locations":[{"start":{"line":4,"column":11},"end":{"line":4,"column":43}},{"start":{"line":4,"column":43},"end":{"line":4,"column":null}}],"line":4},"1":{"loc":{"start":{"line":5,"column":18},"end":{"line":7,"column":null}},"type":"cond-expr","locations":[{"start":{"line":6,"column":7},"end":{"line":6,"column":null}},{"start":{"line":7,"column":7},"end":{"line":7,"column":null}}],"line":5},"2":{"loc":{"start":{"line":6,"column":7},"end":{"line":6,"column":null}},"type":"binary-expr","locations":[{"start":{"line":6,"column":7},"end":{"line":6,"column":30}},{"start":{"line":6,"column":30},"end":{"line":6,"column":null}}],"line":6},"3":{"loc":{"start":{"line":7,"column":7},"end":{"line":7,"column":null}},"type":"binary-expr","locations":[{"start":{"line":7,"column":7},"end":{"line":7,"column":39}},{"start":{"line":7,"column":39},"end":{"line":7,"column":null}}],"line":7}},"s":{"0":14,"1":14},"f":{},"b":{"0":[14,0],"1":[0,14],"2":[0,0],"3":[14,0]},"meta":{"lastBranch":4,"lastFunction":0,"lastStatement":2,"seen":{"s:1:24:1:Infinity":0,"s:3:19:8:Infinity":1,"b:4:11:4:43:4:43:4:Infinity":0,"b:6:7:6:Infinity:7:7:7:Infinity":1,"b:6:7:6:30:6:30:6:Infinity":2,"b:7:7:7:39:7:39:7:Infinity":3}}}
,"/home/ocp/dev/projects/gv/gv-web/src/lib/domains/auth/schemas/auth.schemas.ts": {"path":"/home/ocp/dev/projects/gv/gv-web/src/lib/domains/auth/schemas/auth.schemas.ts","statementMap":{"0":{"start":{"line":3,"column":35},"end":{"line":5,"column":null}},"1":{"start":{"line":7,"column":39},"end":{"line":9,"column":null}}},"fnMap":{},"branchMap":{},"s":{"0":1,"1":1},"f":{},"b":{},"meta":{"lastBranch":0,"lastFunction":0,"lastStatement":2,"seen":{"s:3:35:5:Infinity":0,"s:7:39:9:Infinity":1}}}
,"/home/ocp/dev/projects/gv/gv-web/src/lib/domains/auth/types/Auth.types.ts": {"path":"/home/ocp/dev/projects/gv/gv-web/src/lib/domains/auth/types/Auth.types.ts","statementMap":{},"fnMap":{},"branchMap":{},"s":{},"f":{},"b":{},"meta":{"lastBranch":0,"lastFunction":0,"lastStatement":0,"seen":{}}}
,"/home/ocp/dev/projects/gv/gv-web/src/lib/domains/habits/api/habits.api.ts": {"path":"/home/ocp/dev/projects/gv/gv-web/src/lib/domains/habits/api/habits.api.ts","statementMap":{"0":{"start":{"line":16,"column":25},"end":{"line":57,"column":null}},"1":{"start":{"line":18,"column":18},"end":{"line":18,"column":null}},"2":{"start":{"line":19,"column":4},"end":{"line":19,"column":null}},"3":{"start":{"line":23,"column":4},"end":{"line":27,"column":null}},"4":{"start":{"line":31,"column":4},"end":{"line":35,"column":null}},"5":{"start":{"line":39,"column":4},"end":{"line":42,"column":null}},"6":{"start":{"line":50,"column":18},"end":{"line":50,"column":null}},"7":{"start":{"line":51,"column":4},"end":{"line":51,"column":null}},"8":{"start":{"line":51,"column":26},"end":{"line":51,"column":null}},"9":{"start":{"line":52,"column":4},"end":{"line":52,"column":null}},"10":{"start":{"line":52,"column":25},"end":{"line":52,"column":null}},"11":{"start":{"line":53,"column":4},"end":{"line":53,"column":null}},"12":{"start":{"line":53,"column":23},"end":{"line":53,"column":null}},"13":{"start":{"line":54,"column":15},"end":{"line":54,"column":null}},"14":{"start":{"line":55,"column":4},"end":{"line":55,"column":null}}},"fnMap":{"0":{"name":"(anonymous_0)","decl":{"start":{"line":17,"column":8},"end":{"line":17,"column":18}},"loc":{"start":{"line":17,"column":74},"end":{"line":20,"column":null}},"line":17},"1":{"name":"(anonymous_1)","decl":{"start":{"line":22,"column":8},"end":{"line":22,"column":20}},"loc":{"start":{"line":22,"column":130},"end":{"line":28,"column":null}},"line":22},"2":{"name":"(anonymous_2)","decl":{"start":{"line":30,"column":8},"end":{"line":30,"column":17}},"loc":{"start":{"line":30,"column":87},"end":{"line":36,"column":null}},"line":30},"3":{"name":"(anonymous_3)","decl":{"start":{"line":38,"column":8},"end":{"line":38,"column":20}},"loc":{"start":{"line":38,"column":63},"end":{"line":43,"column":null}},"line":38},"4":{"name":"(anonymous_4)","decl":{"start":{"line":45,"column":8},"end":{"line":45,"column":null}},"loc":{"start":{"line":49,"column":35},"end":{"line":56,"column":null}},"line":49}},"branchMap":{"0":{"loc":{"start":{"line":18,"column":18},"end":{"line":18,"column":null}},"type":"cond-expr","locations":[{"start":{"line":18,"column":25},"end":{"line":18,"column":43}},{"start":{"line":18,"column":43},"end":{"line":18,"column":null}}],"line":18},"1":{"loc":{"start":{"line":51,"column":4},"end":{"line":51,"column":null}},"type":"if","locations":[{"start":{"line":51,"column":4},"end":{"line":51,"column":null}},{"start":{},"end":{}}],"line":51},"2":{"loc":{"start":{"line":52,"column":4},"end":{"line":52,"column":null}},"type":"if","locations":[{"start":{"line":52,"column":4},"end":{"line":52,"column":null}},{"start":{},"end":{}}],"line":52},"3":{"loc":{"start":{"line":53,"column":4},"end":{"line":53,"column":null}},"type":"if","locations":[{"start":{"line":53,"column":4},"end":{"line":53,"column":null}},{"start":{},"end":{}}],"line":53},"4":{"loc":{"start":{"line":55,"column":44},"end":{"line":55,"column":62}},"type":"cond-expr","locations":[{"start":{"line":55,"column":49},"end":{"line":55,"column":60}},{"start":{"line":55,"column":60},"end":{"line":55,"column":62}}],"line":55}},"s":{"0":1,"1":2,"2":2,"3":1,"4":0,"5":1,"6":0,"7":0,"8":0,"9":0,"10":0,"11":0,"12":0,"13":0,"14":0},"f":{"0":2,"1":1,"2":0,"3":1,"4":0},"b":{"0":[1,1],"1":[0,0],"2":[0,0],"3":[0,0],"4":[0,0]},"meta":{"lastBranch":5,"lastFunction":5,"lastStatement":15,"seen":{"s:16:25:57:Infinity":0,"f:17:8:17:18":0,"s:18:18:18:Infinity":1,"b:18:25:18:43:18:43:18:Infinity":0,"s:19:4:19:Infinity":2,"f:22:8:22:20":1,"s:23:4:27:Infinity":3,"f:30:8:30:17":2,"s:31:4:35:Infinity":4,"f:38:8:38:20":3,"s:39:4:42:Infinity":5,"f:45:8:45:Infinity":4,"s:50:18:50:Infinity":6,"b:51:4:51:Infinity:undefined:undefined:undefined:undefined":1,"s:51:4:51:Infinity":7,"s:51:26:51:Infinity":8,"b:52:4:52:Infinity:undefined:undefined:undefined:undefined":2,"s:52:4:52:Infinity":9,"s:52:25:52:Infinity":10,"b:53:4:53:Infinity:undefined:undefined:undefined:undefined":3,"s:53:4:53:Infinity":11,"s:53:23:53:Infinity":12,"s:54:15:54:Infinity":13,"s:55:4:55:Infinity":14,"b:55:49:55:60:55:60:55:62":4}}}
,"/home/ocp/dev/projects/gv/gv-web/src/lib/domains/habits/api/habits.schemas.ts": {"path":"/home/ocp/dev/projects/gv/gv-web/src/lib/domains/habits/api/habits.schemas.ts","statementMap":{"0":{"start":{"line":3,"column":34},"end":{"line":15,"column":null}},"1":{"start":{"line":17,"column":38},"end":{"line":17,"column":null}},"2":{"start":{"line":17,"column":92},"end":{"line":17,"column":99}},"3":{"start":{"line":19,"column":41},"end":{"line":27,"column":null}},"4":{"start":{"line":29,"column":39},"end":{"line":31,"column":null}},"5":{"start":{"line":33,"column":34},"end":{"line":37,"column":null}}},"fnMap":{"0":{"name":"(anonymous_0)","decl":{"start":{"line":17,"column":87},"end":{"line":17,"column":92}},"loc":{"start":{"line":17,"column":92},"end":{"line":17,"column":99}},"line":17}},"branchMap":{"0":{"loc":{"start":{"line":17,"column":92},"end":{"line":17,"column":99}},"type":"binary-expr","locations":[{"start":{"line":17,"column":92},"end":{"line":17,"column":97}},{"start":{"line":17,"column":97},"end":{"line":17,"column":99}}],"line":17}},"s":{"0":2,"1":2,"2":2,"3":2,"4":2,"5":2},"f":{"0":2},"b":{"0":[2,1]},"meta":{"lastBranch":1,"lastFunction":1,"lastStatement":6,"seen":{"s:3:34:15:Infinity":0,"s:17:38:17:Infinity":1,"f:17:87:17:92":0,"s:17:92:17:99":2,"b:17:92:17:97:17:97:17:99":0,"s:19:41:27:Infinity":3,"s:29:39:31:Infinity":4,"s:33:34:37:Infinity":5}}}
,"/home/ocp/dev/projects/gv/gv-web/src/lib/domains/habits/types/Habit.types.ts": {"path":"/home/ocp/dev/projects/gv/gv-web/src/lib/domains/habits/types/Habit.types.ts","statementMap":{},"fnMap":{},"branchMap":{},"s":{},"f":{},"b":{},"meta":{"lastBranch":0,"lastFunction":0,"lastStatement":0,"seen":{}}}
,"/home/ocp/dev/projects/gv/gv-web/src/lib/domains/tasks/taskTimer.svelte.ts": {"path":"/home/ocp/dev/projects/gv/gv-web/src/lib/domains/tasks/taskTimer.svelte.ts","statementMap":{"0":{"start":{"line":18,"column":5},"end":{"line":18,"column":null}},"1":{"start":{"line":19,"column":5},"end":{"line":19,"column":null}},"2":{"start":{"line":20,"column":5},"end":{"line":20,"column":null}},"3":{"start":{"line":21,"column":5},"end":{"line":21,"column":null}},"4":{"start":{"line":22,"column":5},"end":{"line":22,"column":null}},"5":{"start":{"line":23,"column":60},"end":{"line":23,"column":null}},"6":{"start":{"line":24,"column":32},"end":{"line":24,"column":null}},"7":{"start":{"line":27,"column":6},"end":{"line":29,"column":null}},"8":{"start":{"line":28,"column":3},"end":{"line":28,"column":null}},"9":{"start":{"line":30,"column":2},"end":{"line":32,"column":null}},"10":{"start":{"line":31,"column":3},"end":{"line":31,"column":null}},"11":{"start":{"line":33,"column":2},"end":{"line":33,"column":null}},"12":{"start":{"line":37,"column":6},"end":{"line":37,"column":null}},"13":{"start":{"line":37,"column":21},"end":{"line":37,"column":null}},"14":{"start":{"line":38,"column":2},"end":{"line":38,"column":null}},"15":{"start":{"line":40,"column":6},"end":{"line":44,"column":null}},"16":{"start":{"line":41,"column":9},"end":{"line":42,"column":null}},"17":{"start":{"line":46,"column":2},"end":{"line":46,"column":null}},"18":{"start":{"line":47,"column":2},"end":{"line":47,"column":null}},"19":{"start":{"line":48,"column":2},"end":{"line":48,"column":null}},"20":{"start":{"line":49,"column":2},"end":{"line":49,"column":null}},"21":{"start":{"line":50,"column":2},"end":{"line":50,"column":null}},"22":{"start":{"line":51,"column":2},"end":{"line":51,"column":null}},"23":{"start":{"line":55,"column":18},"end":{"line":55,"column":null}},"24":{"start":{"line":57,"column":7},"end":{"line":79,"column":null}},"25":{"start":{"line":58,"column":3},"end":{"line":58,"column":null}},"26":{"start":{"line":59,"column":3},"end":{"line":59,"column":null}},"27":{"start":{"line":60,"column":3},"end":{"line":60,"column":null}},"28":{"start":{"line":61,"column":3},"end":{"line":61,"column":null}},"29":{"start":{"line":62,"column":9},"end":{"line":64,"column":null}},"30":{"start":{"line":66,"column":3},"end":{"line":66,"column":null}},"31":{"start":{"line":67,"column":2},"end":{"line":79,"column":null}},"32":{"start":{"line":68,"column":3},"end":{"line":68,"column":null}},"33":{"start":{"line":69,"column":3},"end":{"line":69,"column":null}},"34":{"start":{"line":70,"column":9},"end":{"line":72,"column":null}},"35":{"start":{"line":74,"column":3},"end":{"line":74,"column":null}},"36":{"start":{"line":76,"column":9},"end":{"line":76,"column":null}},"37":{"start":{"line":77,"column":3},"end":{"line":77,"column":null}},"38":{"start":{"line":78,"column":3},"end":{"line":78,"column":null}},"39":{"start":{"line":83,"column":2},"end":{"line":83,"column":null}},"40":{"start":{"line":84,"column":2},"end":{"line":84,"column":null}},"41":{"start":{"line":85,"column":2},"end":{"line":85,"column":null}},"42":{"start":{"line":86,"column":2},"end":{"line":86,"column":null}},"43":{"start":{"line":87,"column":2},"end":{"line":87,"column":null}},"44":{"start":{"line":88,"column":2},"end":{"line":88,"column":null}},"45":{"start":{"line":92,"column":12},"end":{"line":92,"column":null}},"46":{"start":{"line":93,"column":12},"end":{"line":93,"column":null}},"47":{"start":{"line":94,"column":8},"end":{"line":94,"column":null}},"48":{"start":{"line":95,"column":12},"end":{"line":95,"column":null}},"49":{"start":{"line":99,"column":7},"end":{"line":99,"column":null}},"50":{"start":{"line":100,"column":6},"end":{"line":100,"column":null}},"51":{"start":{"line":100,"column":36},"end":{"line":100,"column":null}},"52":{"start":{"line":101,"column":14},"end":{"line":101,"column":null}},"53":{"start":{"line":102,"column":8},"end":{"line":102,"column":null}},"54":{"start":{"line":103,"column":2},"end":{"line":103,"column":null}},"55":{"start":{"line":104,"column":2},"end":{"line":104,"column":null}},"56":{"start":{"line":108,"column":6},"end":{"line":108,"column":null}},"57":{"start":{"line":108,"column":21},"end":{"line":108,"column":null}},"58":{"start":{"line":109,"column":2},"end":{"line":109,"column":null}},"59":{"start":{"line":110,"column":2},"end":{"line":110,"column":null}},"60":{"start":{"line":111,"column":2},"end":{"line":111,"column":null}},"61":{"start":{"line":112,"column":2},"end":{"line":112,"column":null}},"62":{"start":{"line":113,"column":2},"end":{"line":113,"column":null}},"63":{"start":{"line":114,"column":2},"end":{"line":114,"column":null}},"64":{"start":{"line":115,"column":2},"end":{"line":115,"column":null}},"65":{"start":{"line":119,"column":32},"end":{"line":119,"column":48}},"66":{"start":{"line":120,"column":37},"end":{"line":120,"column":58}},"67":{"start":{"line":121,"column":35},"end":{"line":121,"column":54}},"68":{"start":{"line":122,"column":27},"end":{"line":122,"column":38}},"69":{"start":{"line":123,"column":32},"end":{"line":123,"column":48}},"70":{"start":{"line":124,"column":31},"end":{"line":124,"column":59}},"71":{"start":{"line":125,"column":31},"end":{"line":125,"column":71}}},"fnMap":{"0":{"name":"createTaskTimer","decl":{"start":{"line":17,"column":16},"end":{"line":17,"column":32}},"loc":{"start":{"line":17,"column":62},"end":{"line":133,"column":null}},"line":17},"1":{"name":"startTimer","decl":{"start":{"line":26,"column":10},"end":{"line":26,"column":23}},"loc":{"start":{"line":26,"column":23},"end":{"line":34,"column":null}},"line":26},"2":{"name":"(anonymous_2)","decl":{"start":{"line":30,"column":36},"end":{"line":30,"column":null}},"loc":{"start":{"line":30,"column":36},"end":{"line":32,"column":5}},"line":30},"3":{"name":"stopTimer","decl":{"start":{"line":36,"column":16},"end":{"line":36,"column":28}},"loc":{"start":{"line":36,"column":28},"end":{"line":52,"column":null}},"line":36},"4":{"name":"handleTaskStart","decl":{"start":{"line":54,"column":16},"end":{"line":54,"column":32}},"loc":{"start":{"line":54,"column":95},"end":{"line":80,"column":null}},"line":54},"5":{"name":"restore","decl":{"start":{"line":82,"column":10},"end":{"line":82,"column":18}},"loc":{"start":{"line":82,"column":126},"end":{"line":89,"column":null}},"line":82},"6":{"name":"formatTime","decl":{"start":{"line":91,"column":10},"end":{"line":91,"column":21}},"loc":{"start":{"line":91,"column":46},"end":{"line":96,"column":null}},"line":91},"7":{"name":"updateStartedAt","decl":{"start":{"line":98,"column":16},"end":{"line":98,"column":32}},"loc":{"start":{"line":98,"column":52},"end":{"line":105,"column":null}},"line":98},"8":{"name":"reset","decl":{"start":{"line":107,"column":10},"end":{"line":107,"column":18}},"loc":{"start":{"line":107,"column":18},"end":{"line":116,"column":null}},"line":107},"9":{"name":"(anonymous_9)","decl":{"start":{"line":119,"column":6},"end":{"line":119,"column":23}},"loc":{"start":{"line":119,"column":23},"end":{"line":119,"column":null}},"line":119},"10":{"name":"(anonymous_10)","decl":{"start":{"line":120,"column":6},"end":{"line":120,"column":28}},"loc":{"start":{"line":120,"column":28},"end":{"line":120,"column":null}},"line":120},"11":{"name":"(anonymous_11)","decl":{"start":{"line":121,"column":6},"end":{"line":121,"column":26}},"loc":{"start":{"line":121,"column":26},"end":{"line":121,"column":null}},"line":121},"12":{"name":"(anonymous_12)","decl":{"start":{"line":122,"column":6},"end":{"line":122,"column":18}},"loc":{"start":{"line":122,"column":18},"end":{"line":122,"column":null}},"line":122},"13":{"name":"(anonymous_13)","decl":{"start":{"line":123,"column":6},"end":{"line":123,"column":23}},"loc":{"start":{"line":123,"column":23},"end":{"line":123,"column":null}},"line":123},"14":{"name":"(anonymous_14)","decl":{"start":{"line":124,"column":6},"end":{"line":124,"column":22}},"loc":{"start":{"line":124,"column":22},"end":{"line":124,"column":null}},"line":124},"15":{"name":"(anonymous_15)","decl":{"start":{"line":125,"column":6},"end":{"line":125,"column":22}},"loc":{"start":{"line":125,"column":22},"end":{"line":125,"column":null}},"line":125}},"branchMap":{"0":{"loc":{"start":{"line":17,"column":32},"end":{"line":17,"column":62}},"type":"default-arg","locations":[{"start":{"line":17,"column":52},"end":{"line":17,"column":62}}],"line":17},"1":{"loc":{"start":{"line":27,"column":6},"end":{"line":29,"column":null}},"type":"if","locations":[{"start":{"line":27,"column":6},"end":{"line":29,"column":null}},{"start":{},"end":{}}],"line":27},"2":{"loc":{"start":{"line":37,"column":6},"end":{"line":37,"column":null}},"type":"if","locations":[{"start":{"line":37,"column":6},"end":{"line":37,"column":null}},{"start":{},"end":{}}],"line":37},"3":{"loc":{"start":{"line":40,"column":6},"end":{"line":44,"column":null}},"type":"if","locations":[{"start":{"line":40,"column":6},"end":{"line":44,"column":null}},{"start":{},"end":{}}],"line":40},"4":{"loc":{"start":{"line":55,"column":18},"end":{"line":55,"column":null}},"type":"cond-expr","locations":[{"start":{"line":55,"column":18},"end":{"line":55,"column":65}},{"start":{"line":55,"column":65},"end":{"line":55,"column":null}}],"line":55},"5":{"loc":{"start":{"line":57,"column":7},"end":{"line":79,"column":null}},"type":"if","locations":[{"start":{"line":57,"column":7},"end":{"line":79,"column":null}},{"start":{"line":67,"column":2},"end":{"line":79,"column":null}}],"line":57},"6":{"loc":{"start":{"line":67,"column":2},"end":{"line":79,"column":null}},"type":"if","locations":[{"start":{"line":67,"column":2},"end":{"line":79,"column":null}},{"start":{"line":75,"column":9},"end":{"line":79,"column":null}}],"line":67},"7":{"loc":{"start":{"line":84,"column":24},"end":{"line":84,"column":null}},"type":"cond-expr","locations":[{"start":{"line":84,"column":24},"end":{"line":84,"column":71}},{"start":{"line":84,"column":71},"end":{"line":84,"column":null}}],"line":84},"8":{"loc":{"start":{"line":99,"column":7},"end":{"line":99,"column":null}},"type":"if","locations":[{"start":{"line":99,"column":7},"end":{"line":99,"column":null}},{"start":{},"end":{}}],"line":99},"9":{"loc":{"start":{"line":100,"column":6},"end":{"line":100,"column":null}},"type":"if","locations":[{"start":{"line":100,"column":6},"end":{"line":100,"column":null}},{"start":{},"end":{}}],"line":100},"10":{"loc":{"start":{"line":108,"column":6},"end":{"line":108,"column":null}},"type":"if","locations":[{"start":{"line":108,"column":6},"end":{"line":108,"column":null}},{"start":{},"end":{}}],"line":108},"11":{"loc":{"start":{"line":125,"column":31},"end":{"line":125,"column":71}},"type":"cond-expr","locations":[{"start":{"line":125,"column":31},"end":{"line":125,"column":65}},{"start":{"line":125,"column":65},"end":{"line":125,"column":71}}],"line":125}},"s":{"0":14,"1":14,"2":14,"3":14,"4":14,"5":14,"6":14,"7":13,"8":6,"9":13,"10":3777,"11":13,"12":3,"13":3,"14":3,"15":3,"16":2,"17":3,"18":3,"19":3,"20":3,"21":3,"22":3,"23":11,"24":11,"25":7,"26":7,"27":7,"28":7,"29":7,"30":7,"31":4,"32":2,"33":2,"34":2,"35":2,"36":2,"37":2,"38":2,"39":0,"40":0,"41":0,"42":0,"43":0,"44":0,"45":2,"46":2,"47":2,"48":2,"49":0,"50":0,"51":0,"52":0,"53":0,"54":0,"55":0,"56":2,"57":2,"58":2,"59":2,"60":2,"61":2,"62":2,"63":2,"64":2,"65":6,"66":9,"67":10,"68":9,"69":8,"70":2,"71":0},"f":{"0":14,"1":13,"2":3777,"3":3,"4":11,"5":0,"6":2,"7":0,"8":2,"9":6,"10":9,"11":10,"12":9,"13":8,"14":2,"15":0},"b":{"0":[14],"1":[6,7],"2":[3,0],"3":[2,1],"4":[7,4],"5":[7,4],"6":[2,2],"7":[0,0],"8":[0,0],"9":[0,0],"10":[2,0],"11":[0,0]},"meta":{"lastBranch":12,"lastFunction":16,"lastStatement":72,"seen":{"f:17:16:17:32":0,"b:17:52:17:62":0,"s:18:5:18:Infinity":0,"s:19:5:19:Infinity":1,"s:20:5:20:Infinity":2,"s:21:5:21:Infinity":3,"s:22:5:22:Infinity":4,"s:23:60:23:Infinity":5,"s:24:32:24:Infinity":6,"f:26:10:26:23":1,"b:27:6:29:Infinity:undefined:undefined:undefined:undefined":1,"s:27:6:29:Infinity":7,"s:28:3:28:Infinity":8,"s:30:2:32:Infinity":9,"f:30:36:30:Infinity":2,"s:31:3:31:Infinity":10,"s:33:2:33:Infinity":11,"f:36:16:36:28":3,"b:37:6:37:Infinity:undefined:undefined:undefined:undefined":2,"s:37:6:37:Infinity":12,"s:37:21:37:Infinity":13,"s:38:2:38:Infinity":14,"b:40:6:44:Infinity:undefined:undefined:undefined:undefined":3,"s:40:6:44:Infinity":15,"s:41:9:42:Infinity":16,"s:46:2:46:Infinity":17,"s:47:2:47:Infinity":18,"s:48:2:48:Infinity":19,"s:49:2:49:Infinity":20,"s:50:2:50:Infinity":21,"s:51:2:51:Infinity":22,"f:54:16:54:32":4,"s:55:18:55:Infinity":23,"b:55:18:55:65:55:65:55:Infinity":4,"b:57:7:79:Infinity:67:2:79:Infinity":5,"s:57:7:79:Infinity":24,"s:58:3:58:Infinity":25,"s:59:3:59:Infinity":26,"s:60:3:60:Infinity":27,"s:61:3:61:Infinity":28,"s:62:9:64:Infinity":29,"s:66:3:66:Infinity":30,"b:67:2:79:Infinity:75:9:79:Infinity":6,"s:67:2:79:Infinity":31,"s:68:3:68:Infinity":32,"s:69:3:69:Infinity":33,"s:70:9:72:Infinity":34,"s:74:3:74:Infinity":35,"s:76:9:76:Infinity":36,"s:77:3:77:Infinity":37,"s:78:3:78:Infinity":38,"f:82:10:82:18":5,"s:83:2:83:Infinity":39,"s:84:2:84:Infinity":40,"b:84:24:84:71:84:71:84:Infinity":7,"s:85:2:85:Infinity":41,"s:86:2:86:Infinity":42,"s:87:2:87:Infinity":43,"s:88:2:88:Infinity":44,"f:91:10:91:21":6,"s:92:12:92:Infinity":45,"s:93:12:93:Infinity":46,"s:94:8:94:Infinity":47,"s:95:12:95:Infinity":48,"f:98:16:98:32":7,"b:99:7:99:Infinity:undefined:undefined:undefined:undefined":8,"s:99:7:99:Infinity":49,"b:100:6:100:Infinity:undefined:undefined:undefined:undefined":9,"s:100:6:100:Infinity":50,"s:100:36:100:Infinity":51,"s:101:14:101:Infinity":52,"s:102:8:102:Infinity":53,"s:103:2:103:Infinity":54,"s:104:2:104:Infinity":55,"f:107:10:107:18":8,"b:108:6:108:Infinity:undefined:undefined:undefined:undefined":10,"s:108:6:108:Infinity":56,"s:108:21:108:Infinity":57,"s:109:2:109:Infinity":58,"s:110:2:110:Infinity":59,"s:111:2:111:Infinity":60,"s:112:2:112:Infinity":61,"s:113:2:113:Infinity":62,"s:114:2:114:Infinity":63,"s:115:2:115:Infinity":64,"f:119:6:119:23":9,"s:119:32:119:48":65,"f:120:6:120:28":10,"s:120:37:120:58":66,"f:121:6:121:26":11,"s:121:35:121:54":67,"f:122:6:122:18":12,"s:122:27:122:38":68,"f:123:6:123:23":13,"s:123:32:123:48":69,"f:124:6:124:22":14,"s:124:31:124:59":70,"f:125:6:125:22":15,"s:125:31:125:71":71,"b:125:31:125:65:125:65:125:71":11}}}
,"/home/ocp/dev/projects/gv/gv-web/src/lib/domains/tasks/api/tasks.api.ts": {"path":"/home/ocp/dev/projects/gv/gv-web/src/lib/domains/tasks/api/tasks.api.ts","statementMap":{"0":{"start":{"line":39,"column":24},"end":{"line":179,"column":null}},"1":{"start":{"line":43,"column":2},"end":{"line":43,"column":null}},"2":{"start":{"line":47,"column":2},"end":{"line":47,"column":null}},"3":{"start":{"line":51,"column":2},"end":{"line":51,"column":null}},"4":{"start":{"line":55,"column":2},"end":{"line":59,"column":null}},"5":{"start":{"line":63,"column":2},"end":{"line":67,"column":null}},"6":{"start":{"line":71,"column":2},"end":{"line":74,"column":null}},"7":{"start":{"line":80,"column":2},"end":{"line":80,"column":null}},"8":{"start":{"line":84,"column":2},"end":{"line":88,"column":null}},"9":{"start":{"line":92,"column":2},"end":{"line":96,"column":null}},"10":{"start":{"line":100,"column":2},"end":{"line":103,"column":null}},"11":{"start":{"line":107,"column":2},"end":{"line":107,"column":null}},"12":{"start":{"line":111,"column":2},"end":{"line":111,"column":null}},"13":{"start":{"line":117,"column":2},"end":{"line":121,"column":null}},"14":{"start":{"line":125,"column":2},"end":{"line":129,"column":null}},"15":{"start":{"line":133,"column":2},"end":{"line":136,"column":null}},"16":{"start":{"line":142,"column":2},"end":{"line":146,"column":null}},"17":{"start":{"line":150,"column":2},"end":{"line":154,"column":null}},"18":{"start":{"line":158,"column":2},"end":{"line":158,"column":null}},"19":{"start":{"line":162,"column":2},"end":{"line":165,"column":null}},"20":{"start":{"line":171,"column":2},"end":{"line":171,"column":null}},"21":{"start":{"line":177,"column":2},"end":{"line":177,"column":null}}},"fnMap":{"0":{"name":"(anonymous_0)","decl":{"start":{"line":42,"column":7},"end":{"line":42,"column":23}},"loc":{"start":{"line":42,"column":67},"end":{"line":44,"column":null}},"line":42},"1":{"name":"(anonymous_1)","decl":{"start":{"line":46,"column":7},"end":{"line":46,"column":18}},"loc":{"start":{"line":46,"column":78},"end":{"line":48,"column":null}},"line":46},"2":{"name":"(anonymous_2)","decl":{"start":{"line":50,"column":7},"end":{"line":50,"column":26}},"loc":{"start":{"line":50,"column":88},"end":{"line":52,"column":null}},"line":50},"3":{"name":"(anonymous_3)","decl":{"start":{"line":54,"column":7},"end":{"line":54,"column":21}},"loc":{"start":{"line":54,"column":92},"end":{"line":60,"column":null}},"line":54},"4":{"name":"(anonymous_4)","decl":{"start":{"line":62,"column":7},"end":{"line":62,"column":21}},"loc":{"start":{"line":62,"column":104},"end":{"line":68,"column":null}},"line":62},"5":{"name":"(anonymous_5)","decl":{"start":{"line":70,"column":7},"end":{"line":70,"column":21}},"loc":{"start":{"line":70,"column":64},"end":{"line":75,"column":null}},"line":70},"6":{"name":"(anonymous_6)","decl":{"start":{"line":79,"column":7},"end":{"line":79,"column":15}},"loc":{"start":{"line":79,"column":70},"end":{"line":81,"column":null}},"line":79},"7":{"name":"(anonymous_7)","decl":{"start":{"line":83,"column":7},"end":{"line":83,"column":18}},"loc":{"start":{"line":83,"column":83},"end":{"line":89,"column":null}},"line":83},"8":{"name":"(anonymous_8)","decl":{"start":{"line":91,"column":7},"end":{"line":91,"column":18}},"loc":{"start":{"line":91,"column":95},"end":{"line":97,"column":null}},"line":91},"9":{"name":"(anonymous_9)","decl":{"start":{"line":99,"column":7},"end":{"line":99,"column":18}},"loc":{"start":{"line":99,"column":61},"end":{"line":104,"column":null}},"line":99},"10":{"name":"(anonymous_10)","decl":{"start":{"line":106,"column":7},"end":{"line":106,"column":26}},"loc":{"start":{"line":106,"column":88},"end":{"line":108,"column":null}},"line":106},"11":{"name":"(anonymous_11)","decl":{"start":{"line":110,"column":7},"end":{"line":110,"column":25}},"loc":{"start":{"line":110,"column":75},"end":{"line":112,"column":null}},"line":110},"12":{"name":"(anonymous_12)","decl":{"start":{"line":116,"column":7},"end":{"line":116,"column":18}},"loc":{"start":{"line":116,"column":83},"end":{"line":122,"column":null}},"line":116},"13":{"name":"(anonymous_13)","decl":{"start":{"line":124,"column":7},"end":{"line":124,"column":18}},"loc":{"start":{"line":124,"column":95},"end":{"line":130,"column":null}},"line":124},"14":{"name":"(anonymous_14)","decl":{"start":{"line":132,"column":7},"end":{"line":132,"column":18}},"loc":{"start":{"line":132,"column":61},"end":{"line":137,"column":null}},"line":132},"15":{"name":"(anonymous_15)","decl":{"start":{"line":141,"column":7},"end":{"line":141,"column":23}},"loc":{"start":{"line":141,"column":98},"end":{"line":147,"column":null}},"line":141},"16":{"name":"(anonymous_16)","decl":{"start":{"line":149,"column":7},"end":{"line":149,"column":23}},"loc":{"start":{"line":149,"column":110},"end":{"line":155,"column":null}},"line":149},"17":{"name":"(anonymous_17)","decl":{"start":{"line":157,"column":7},"end":{"line":157,"column":26}},"loc":{"start":{"line":157,"column":70},"end":{"line":159,"column":null}},"line":157},"18":{"name":"(anonymous_18)","decl":{"start":{"line":161,"column":7},"end":{"line":161,"column":23}},"loc":{"start":{"line":161,"column":66},"end":{"line":166,"column":null}},"line":161},"19":{"name":"(anonymous_19)","decl":{"start":{"line":170,"column":7},"end":{"line":170,"column":27}},"loc":{"start":{"line":170,"column":78},"end":{"line":172,"column":null}},"line":170},"20":{"name":"(anonymous_20)","decl":{"start":{"line":176,"column":7},"end":{"line":176,"column":21}},"loc":{"start":{"line":176,"column":64},"end":{"line":178,"column":null}},"line":176}},"branchMap":{},"s":{"0":15,"1":1,"2":0,"3":0,"4":0,"5":0,"6":0,"7":0,"8":1,"9":0,"10":1,"11":0,"12":0,"13":0,"14":0,"15":0,"16":1,"17":0,"18":0,"19":0,"20":0,"21":1},"f":{"0":1,"1":0,"2":0,"3":0,"4":0,"5":0,"6":0,"7":1,"8":0,"9":1,"10":0,"11":0,"12":0,"13":0,"14":0,"15":1,"16":0,"17":0,"18":0,"19":0,"20":1},"b":{},"meta":{"lastBranch":0,"lastFunction":21,"lastStatement":22,"seen":{"s:39:24:179:Infinity":0,"f:42:7:42:23":0,"s:43:2:43:Infinity":1,"f:46:7:46:18":1,"s:47:2:47:Infinity":2,"f:50:7:50:26":2,"s:51:2:51:Infinity":3,"f:54:7:54:21":3,"s:55:2:59:Infinity":4,"f:62:7:62:21":4,"s:63:2:67:Infinity":5,"f:70:7:70:21":5,"s:71:2:74:Infinity":6,"f:79:7:79:15":6,"s:80:2:80:Infinity":7,"f:83:7:83:18":7,"s:84:2:88:Infinity":8,"f:91:7:91:18":8,"s:92:2:96:Infinity":9,"f:99:7:99:18":9,"s:100:2:103:Infinity":10,"f:106:7:106:26":10,"s:107:2:107:Infinity":11,"f:110:7:110:25":11,"s:111:2:111:Infinity":12,"f:116:7:116:18":12,"s:117:2:121:Infinity":13,"f:124:7:124:18":13,"s:125:2:129:Infinity":14,"f:132:7:132:18":14,"s:133:2:136:Infinity":15,"f:141:7:141:23":15,"s:142:2:146:Infinity":16,"f:149:7:149:23":16,"s:150:2:154:Infinity":17,"f:157:7:157:26":17,"s:158:2:158:Infinity":18,"f:161:7:161:23":18,"s:162:2:165:Infinity":19,"f:170:7:170:27":19,"s:171:2:171:Infinity":20,"f:176:7:176:21":20,"s:177:2:177:Infinity":21}}}
,"/home/ocp/dev/projects/gv/gv-web/src/lib/domains/tasks/api/tasks.schemas.ts": {"path":"/home/ocp/dev/projects/gv/gv-web/src/lib/domains/tasks/api/tasks.schemas.ts","statementMap":{"0":{"start":{"line":5,"column":37},"end":{"line":13,"column":null}},"1":{"start":{"line":15,"column":34},"end":{"line":23,"column":null}},"2":{"start":{"line":25,"column":34},"end":{"line":30,"column":null}},"3":{"start":{"line":32,"column":39},"end":{"line":38,"column":null}},"4":{"start":{"line":42,"column":43},"end":{"line":51,"column":null}},"5":{"start":{"line":53,"column":40},"end":{"line":62,"column":null}},"6":{"start":{"line":64,"column":38},"end":{"line":74,"column":null}},"7":{"start":{"line":78,"column":38},"end":{"line":90,"column":null}},"8":{"start":{"line":92,"column":45},"end":{"line":95,"column":null}},"9":{"start":{"line":97,"column":45},"end":{"line":100,"column":null}},"10":{"start":{"line":104,"column":63},"end":{"line":114,"column":null}},"11":{"start":{"line":105,"column":1},"end":{"line":113,"column":null}},"12":{"start":{"line":118,"column":46},"end":{"line":121,"column":null}},"13":{"start":{"line":125,"column":43},"end":{"line":135,"column":null}},"14":{"start":{"line":137,"column":47},"end":{"line":137,"column":null}},"15":{"start":{"line":141,"column":41},"end":{"line":141,"column":null}},"16":{"start":{"line":142,"column":40},"end":{"line":142,"column":null}}},"fnMap":{"0":{"name":"(anonymous_0)","decl":{"start":{"line":104,"column":70},"end":{"line":104,"column":null}},"loc":{"start":{"line":105,"column":1},"end":{"line":113,"column":null}},"line":105}},"branchMap":{},"s":{"0":15,"1":15,"2":15,"3":15,"4":15,"5":15,"6":15,"7":15,"8":15,"9":15,"10":15,"11":0,"12":15,"13":15,"14":15,"15":15,"16":15},"f":{"0":0},"b":{},"meta":{"lastBranch":0,"lastFunction":1,"lastStatement":17,"seen":{"s:5:37:13:Infinity":0,"s:15:34:23:Infinity":1,"s:25:34:30:Infinity":2,"s:32:39:38:Infinity":3,"s:42:43:51:Infinity":4,"s:53:40:62:Infinity":5,"s:64:38:74:Infinity":6,"s:78:38:90:Infinity":7,"s:92:45:95:Infinity":8,"s:97:45:100:Infinity":9,"s:104:63:114:Infinity":10,"f:104:70:104:Infinity":0,"s:105:1:113:Infinity":11,"s:118:46:121:Infinity":12,"s:125:43:135:Infinity":13,"s:137:47:137:Infinity":14,"s:141:41:141:Infinity":15,"s:142:40:142:Infinity":16}}}
,"/home/ocp/dev/projects/gv/gv-web/src/lib/domains/tasks/types/Task.types.ts": {"path":"/home/ocp/dev/projects/gv/gv-web/src/lib/domains/tasks/types/Task.types.ts","statementMap":{},"fnMap":{},"branchMap":{},"s":{},"f":{},"b":{},"meta":{"lastBranch":0,"lastFunction":0,"lastStatement":0,"seen":{}}}
,"/home/ocp/dev/projects/gv/gv-web/src/lib/shared/api/client.ts": {"path":"/home/ocp/dev/projects/gv/gv-web/src/lib/shared/api/client.ts","statementMap":{"0":{"start":{"line":8,"column":2},"end":{"line":8,"column":null}},"1":{"start":{"line":16,"column":18},"end":{"line":16,"column":null}},"2":{"start":{"line":17,"column":16},"end":{"line":17,"column":null}},"3":{"start":{"line":18,"column":42},"end":{"line":21,"column":null}},"4":{"start":{"line":22,"column":2},"end":{"line":24,"column":null}},"5":{"start":{"line":23,"column":4},"end":{"line":23,"column":null}},"6":{"start":{"line":26,"column":19},"end":{"line":29,"column":null}},"7":{"start":{"line":31,"column":2},"end":{"line":35,"column":null}},"8":{"start":{"line":32,"column":22},"end":{"line":32,"column":null}},"9":{"start":{"line":32,"column":57},"end":{"line":32,"column":60}},"10":{"start":{"line":33,"column":20},"end":{"line":33,"column":null}},"11":{"start":{"line":34,"column":4},"end":{"line":34,"column":null}},"12":{"start":{"line":37,"column":2},"end":{"line":39,"column":null}},"13":{"start":{"line":38,"column":4},"end":{"line":38,"column":null}},"14":{"start":{"line":41,"column":15},"end":{"line":41,"column":null}},"15":{"start":{"line":42,"column":2},"end":{"line":42,"column":null}}},"fnMap":{"0":{"name":"setClientToken","decl":{"start":{"line":7,"column":16},"end":{"line":7,"column":31}},"loc":{"start":{"line":7,"column":58},"end":{"line":9,"column":null}},"line":7},"1":{"name":"fetchAPI","decl":{"start":{"line":11,"column":22},"end":{"line":11,"column":null}},"loc":{"start":{"line":15,"column":14},"end":{"line":43,"column":null}},"line":15},"2":{"name":"(anonymous_2)","decl":{"start":{"line":32,"column":50},"end":{"line":32,"column":57}},"loc":{"start":{"line":32,"column":57},"end":{"line":32,"column":60}},"line":32}},"branchMap":{"0":{"loc":{"start":{"line":16,"column":18},"end":{"line":16,"column":null}},"type":"cond-expr","locations":[{"start":{"line":16,"column":28},"end":{"line":16,"column":42}},{"start":{"line":16,"column":42},"end":{"line":16,"column":null}}],"line":16},"1":{"loc":{"start":{"line":17,"column":16},"end":{"line":17,"column":null}},"type":"binary-expr","locations":[{"start":{"line":17,"column":16},"end":{"line":17,"column":35}},{"start":{"line":17,"column":35},"end":{"line":17,"column":null}}],"line":17},"2":{"loc":{"start":{"line":17,"column":35},"end":{"line":17,"column":null}},"type":"cond-expr","locations":[{"start":{"line":17,"column":45},"end":{"line":17,"column":59}},{"start":{"line":17,"column":59},"end":{"line":17,"column":null}}],"line":17},"3":{"loc":{"start":{"line":22,"column":2},"end":{"line":24,"column":null}},"type":"if","locations":[{"start":{"line":22,"column":2},"end":{"line":24,"column":null}},{"start":{},"end":{}}],"line":22},"4":{"loc":{"start":{"line":31,"column":2},"end":{"line":35,"column":null}},"type":"if","locations":[{"start":{"line":31,"column":2},"end":{"line":35,"column":null}},{"start":{},"end":{}}],"line":31},"5":{"loc":{"start":{"line":33,"column":20},"end":{"line":33,"column":null}},"type":"binary-expr","locations":[{"start":{"line":33,"column":20},"end":{"line":33,"column":39}},{"start":{"line":33,"column":39},"end":{"line":33,"column":null}}],"line":33},"6":{"loc":{"start":{"line":37,"column":2},"end":{"line":39,"column":null}},"type":"if","locations":[{"start":{"line":37,"column":2},"end":{"line":39,"column":null}},{"start":{},"end":{}}],"line":37},"7":{"loc":{"start":{"line":37,"column":6},"end":{"line":37,"column":62}},"type":"binary-expr","locations":[{"start":{"line":37,"column":6},"end":{"line":37,"column":33}},{"start":{"line":37,"column":33},"end":{"line":37,"column":62}}],"line":37}},"s":{"0":4,"1":4,"2":4,"3":4,"4":4,"5":1,"6":4,"7":4,"8":1,"9":0,"10":1,"11":1,"12":3,"13":1,"14":2,"15":2},"f":{"0":4,"1":4,"2":0},"b":{"0":[4,0],"1":[4,3],"2":[3,0],"3":[1,3],"4":[1,3],"5":[1,0],"6":[1,2],"7":[3,2]},"meta":{"lastBranch":8,"lastFunction":3,"lastStatement":16,"seen":{"f:7:16:7:31":0,"s:8:2:8:Infinity":0,"f:11:22:11:Infinity":1,"s:16:18:16:Infinity":1,"b:16:28:16:42:16:42:16:Infinity":0,"s:17:16:17:Infinity":2,"b:17:16:17:35:17:35:17:Infinity":1,"b:17:45:17:59:17:59:17:Infinity":2,"s:18:42:21:Infinity":3,"b:22:2:24:Infinity:undefined:undefined:undefined:undefined":3,"s:22:2:24:Infinity":4,"s:23:4:23:Infinity":5,"s:26:19:29:Infinity":6,"b:31:2:35:Infinity:undefined:undefined:undefined:undefined":4,"s:31:2:35:Infinity":7,"s:32:22:32:Infinity":8,"f:32:50:32:57":2,"s:32:57:32:60":9,"s:33:20:33:Infinity":10,"b:33:20:33:39:33:39:33:Infinity":5,"s:34:4:34:Infinity":11,"b:37:2:39:Infinity:undefined:undefined:undefined:undefined":6,"s:37:2:39:Infinity":12,"b:37:6:37:33:37:33:37:62":7,"s:38:4:38:Infinity":13,"s:41:15:41:Infinity":14,"s:42:2:42:Infinity":15}}}
,"/home/ocp/dev/projects/gv/gv-web/src/lib/shared/stores/auth.ts": {"path":"/home/ocp/dev/projects/gv/gv-web/src/lib/shared/stores/auth.ts","statementMap":{},"fnMap":{},"branchMap":{},"s":{},"f":{},"b":{},"meta":{"lastBranch":0,"lastFunction":0,"lastStatement":0,"seen":{}}}
,"/home/ocp/dev/projects/gv/gv-web/src/lib/shared/utils/dateNavigation.svelte.ts": {"path":"/home/ocp/dev/projects/gv/gv-web/src/lib/shared/utils/dateNavigation.svelte.ts","statementMap":{"0":{"start":{"line":6,"column":8},"end":{"line":6,"column":null}},"1":{"start":{"line":8,"column":8},"end":{"line":12,"column":null}},"2":{"start":{"line":17,"column":13},"end":{"line":17,"column":null}},"3":{"start":{"line":21,"column":13},"end":{"line":21,"column":null}},"4":{"start":{"line":25,"column":6},"end":{"line":25,"column":null}},"5":{"start":{"line":29,"column":6},"end":{"line":29,"column":null}},"6":{"start":{"line":33,"column":6},"end":{"line":33,"column":null}},"7":{"start":{"line":37,"column":6},"end":{"line":37,"column":null}}},"fnMap":{"0":{"name":"createDateNavigation","decl":{"start":{"line":5,"column":16},"end":{"line":5,"column":37}},"loc":{"start":{"line":5,"column":57},"end":{"line":40,"column":null}},"line":5},"1":{"name":"(anonymous_1)","decl":{"start":{"line":16,"column":8},"end":{"line":16,"column":20}},"loc":{"start":{"line":16,"column":20},"end":{"line":18,"column":null}},"line":16},"2":{"name":"(anonymous_2)","decl":{"start":{"line":20,"column":8},"end":{"line":20,"column":18}},"loc":{"start":{"line":20,"column":18},"end":{"line":22,"column":null}},"line":20},"3":{"name":"(anonymous_3)","decl":{"start":{"line":24,"column":8},"end":{"line":24,"column":16}},"loc":{"start":{"line":24,"column":31},"end":{"line":26,"column":null}},"line":24},"4":{"name":"(anonymous_4)","decl":{"start":{"line":28,"column":4},"end":{"line":28,"column":18}},"loc":{"start":{"line":28,"column":18},"end":{"line":30,"column":null}},"line":28},"5":{"name":"(anonymous_5)","decl":{"start":{"line":32,"column":4},"end":{"line":32,"column":16}},"loc":{"start":{"line":32,"column":16},"end":{"line":34,"column":null}},"line":32},"6":{"name":"(anonymous_6)","decl":{"start":{"line":36,"column":4},"end":{"line":36,"column":16}},"loc":{"start":{"line":36,"column":16},"end":{"line":38,"column":null}},"line":36}},"branchMap":{"0":{"loc":{"start":{"line":6,"column":30},"end":{"line":6,"column":null}},"type":"binary-expr","locations":[{"start":{"line":6,"column":30},"end":{"line":6,"column":45}},{"start":{"line":6,"column":45},"end":{"line":6,"column":null}}],"line":6}},"s":{"0":6,"1":6,"2":3,"3":7,"4":1,"5":1,"6":3,"7":1},"f":{"0":6,"1":3,"2":7,"3":1,"4":1,"5":3,"6":1},"b":{"0":[6,6]},"meta":{"lastBranch":1,"lastFunction":7,"lastStatement":8,"seen":{"f:5:16:5:37":0,"s:6:8:6:Infinity":0,"b:6:30:6:45:6:45:6:Infinity":0,"s:8:8:12:Infinity":1,"f:16:8:16:20":1,"s:17:13:17:Infinity":2,"f:20:8:20:18":2,"s:21:13:21:Infinity":3,"f:24:8:24:16":3,"s:25:6:25:Infinity":4,"f:28:4:28:18":4,"s:29:6:29:Infinity":5,"f:32:4:32:16":5,"s:33:6:33:Infinity":6,"f:36:4:36:16":6,"s:37:6:37:Infinity":7}}}
}
